<?xml version="1.0" encoding="UTF-8"?>
<testsuite name="cucumber.RunCucumberTest" tests="0" skipped="0" failures="0" errors="0" timestamp="1970-01-01T00:00:00" hostname="Peters-MacBook-Pro.local" time="0.0">
  <properties/>
  <system-out><![CDATA[
?[33mUndefined scenarios:?[0m
?[33mclasspath:cucumber/discmaskin.feature:6?[0m# Mata in namn få fram 20 skivor

2 Scenarios (?[33m1 undefined?[0m, ?[32m1 passed?[0m)
6 Steps (?[33m3 undefined?[0m, ?[32m3 passed?[0m)
0m0,304s


You can implement missing steps with the snippets below:

@Given("Jag har en prompt")
public void jag_har_en_prompt() {
    // Write code here that turns the phrase above into concrete actions
    throw new io.cucumber.java.PendingException();
}

@When("Jag skriver in ett namn")
public void jag_skriver_in_ett_namn() {
    // Write code here that turns the phrase above into concrete actions
    throw new io.cucumber.java.PendingException();
}

@Then("Borde jag få tillbaka de {int} första skivorna av artisten")
public void borde_jag_få_tillbaka_de_första_skivorna_av_artisten(Integer int1) {
    // Write code here that turns the phrase above into concrete actions
    throw new io.cucumber.java.PendingException();
}


]]></system-out>
  <system-err><![CDATA[nov. 15, 2020 1:02:36 EM io.cucumber.junit.Cucumber <init>
VARNING: By default Cucumber is running in --non-strict mode.
This default will change to --strict and --non-strict will be removed.
You can use --strict or @CucumberOptions(strict = true) to suppress this warning
]]></system-err>
</testsuite>
